<?xml version="1.0" encoding="UTF-8"?>
<!-- Generated by org.testng.reporters.JUnitReportReporter -->
<testsuite skipped="0" hostname="poorna" name="inheritence_multi_level.NewTest" tests="1" failures="0" timestamp="11 Feb 2019 09:45:20 GMT" time="0.022" errors="0">
  <testcase name="f" time="0.022" classname="inheritence_multi_level.NewTest"/>
</testsuite> <!-- inheritence_multi_level.NewTest -->
