<?xml version="1.0" encoding="UTF-8"?>
<!-- Generated by org.testng.reporters.JUnitReportReporter -->
<testsuite skipped="0" hostname="poorna" name="inheritence_multi_level.Div" tests="1" failures="0" timestamp="11 Feb 2019 10:06:37 GMT" time="0.012" errors="0">
  <testcase name="Divs" time="0.012" classname="inheritence_multi_level.Div"/>
</testsuite> <!-- inheritence_multi_level.Div -->
